\BOOKMARK [1][-]{section.1}{\376\377\000I\000n\000t\000r\000o\000d\000u\000c\000t\000i\000o\000n}{}% 1
\BOOKMARK [1][-]{section.2}{\376\377\000D\000e\000s\000c\000r\000i\000p\000t\000i\000o\000n\000\040\000o\000f\000\040\000h\000o\000w\000\040\000t\000h\000e\000\040\000p\000r\000o\000j\000e\000c\000t\000\040\000w\000a\000s\000\040\000c\000o\000n\000d\000u\000c\000t\000e\000d}{}% 2
\BOOKMARK [1][-]{section.3}{\376\377\000I\000n\000t\000r\000o\000d\000u\000c\000t\000i\000o\000n\000\040\000t\000o\000\040\000q\000u\000a\000n\000t\000u\000m\000\040\000c\000o\000m\000p\000u\000t\000i\000n\000g\000\040\000a\000n\000d\000\040\000q\000u\000b\000i\000t\000s}{}% 3
\BOOKMARK [2][-]{subsubsection.3.0.1}{\376\377\000Q\000b\000u\000t\000i\000s}{section.3}% 4
\BOOKMARK [2][-]{subsection.3.1}{\376\377\000M\000u\000l\000t\000i\000\040\000p\000a\000r\000t\000i\000c\000l\000e\000\040\000s\000y\000s\000t\000e\000m\000s}{section.3}% 5
\BOOKMARK [2][-]{subsection.3.2}{\376\377\000Q\000u\000a\000n\000t\000u\000m\000\040\000g\000a\000t\000e\000s}{section.3}% 6
\BOOKMARK [2][-]{subsection.3.3}{\376\377\000Q\000u\000a\000n\000t\000u\000m\000\040\000c\000i\000r\000c\000u\000i\000t\000s}{section.3}% 7
\BOOKMARK [2][-]{subsection.3.4}{\376\377\000T\000e\000n\000s\000o\000r\000s\000\040\000a\000n\000d\000\040\000d\000i\000a\000g\000r\000a\000m\000s}{section.3}% 8
\BOOKMARK [1][-]{section.4}{\376\377\000E\000x\000a\000c\000t\000\040\000d\000i\000a\000g\000o\000n\000a\000l\000i\000z\000a\000t\000i\000o\000n}{}% 9
\BOOKMARK [2][-]{subsection.4.1}{\376\377\000I\000s\000i\000n\000g\000\040\000m\000o\000d\000e\000l}{section.4}% 10
\BOOKMARK [2][-]{subsection.4.2}{\376\377\000G\000r\000o\000u\000n\000d\000\040\000s\000t\000a\000t\000e}{section.4}% 11
\BOOKMARK [1][-]{section.5}{\376\377\000B\000r\000i\000c\000k\000\040\000w\000a\000l\000l\000\040\000c\000i\000r\000c\000u\000i\000t}{}% 12
\BOOKMARK [1][-]{section.6}{\376\377\000O\000p\000t\000i\000m\000i\000z\000a\000t\000i\000o\000n\000\040\000p\000r\000o\000c\000e\000s\000s}{}% 13
\BOOKMARK [1][-]{section.7}{\376\377\000E\000n\000t\000a\000n\000g\000l\000e\000m\000e\000n\000t}{}% 14
\BOOKMARK [2][-]{subsection.7.1}{\376\377\000V\000o\000n\000\040\000N\000e\000u\000m\000a\000n\000n\000\040\000e\000n\000t\000r\000o\000p\000y}{section.7}% 15
\BOOKMARK [2][-]{subsection.7.2}{\376\377\000M\000u\000t\000u\000a\000l\000\040\000i\000n\000f\000o\000r\000m\000a\000t\000i\000o\000n}{section.7}% 16
\BOOKMARK [1][-]{section.8}{\376\377\000R\000e\000s\000u\000l\000t\000s}{}% 17
\BOOKMARK [1][-]{section.9}{\376\377\000D\000i\000s\000c\000u\000s\000s\000i\000o\000n\000\040\000o\000f\000\040\000R\000e\000s\000u\000l\000t\000s}{}% 18
\BOOKMARK [1][-]{section.10}{\376\377\000C\000o\000n\000c\000l\000u\000s\000i\000o\000n\000s}{}% 19
\BOOKMARK [1][-]{appendix.A}{}{}% 20
